2019-05-08 16:16:00 DEBUG epam.soundstudio.logic.counter.DiskTotalDuration:27 - test
2019-05-08 16:16:58 DEBUG epam.soundstudio.logic.counter.DiskTotalDuration:27 - test
2019-05-13 20:51:23 DEBUG by.epam.soundstudio.creator.RapSongCreator:32 - 

Rap Song: 
Song title:  name
Beatmaker: beatmaker
Sample song: samplesong
Duration: 0:2
Cost: 3.5$
Country: country
Year: 4 was created.
2019-05-13 20:53:49 DEBUG by.epam.soundstudio.creator.RapSongCreator:32 - 

Rap Song: 
Song title:  name
Beatmaker: beatmaker
Sample song: samplesong
Duration: 0:2
Cost: 3.5$
Country: country
Year: 4 was created.
2019-05-13 20:55:20 DEBUG by.epam.soundstudio.creator.RapSongCreator:32 - 

Rap Song: 
Song title:  name
Beatmaker: beatmaker
Sample song: samplesong
Duration: 0:2
Cost: 3.5$
Country: country
Year: 4 was created.
2019-05-13 20:55:32 DEBUG by.epam.soundstudio.creator.RapSongCreator:32 - 

Rap Song: 
Song title:  name
Beatmaker: beatmaker
Sample song: samplesong
Duration: 0:2
Cost: 3.5$
Country: country
Year: 4 was created.
2019-05-13 20:56:06 DEBUG by.epam.soundstudio.creator.RapSongCreator:32 - 

Rap Song: 
Song title:  name
Beatmaker: beatmaker
Sample song: samplesong
Duration: 0:2
Cost: 3.5$
Country: country
Year: 4 was created.
2019-05-13 20:56:42 DEBUG by.epam.soundstudio.creator.RapSongCreator:32 - 

Rap Song: 
Song title:  name
Beatmaker: beatmaker
Sample song: samplesong
Duration: 0:2
Cost: 3.5$
Country: country
Year: 4 was created.
2019-05-13 20:56:55 DEBUG by.epam.soundstudio.creator.RapSongCreator:32 - 

Rap Song: 
Song title:  name
Beatmaker: beatmaker
Sample song: samplesong
Duration: 0:2
Cost: 3.5$
Country: country
Year: 4 was created.
2019-05-13 20:58:02 DEBUG by.epam.soundstudio.creator.RapSongCreator:32 - 

Rap Song: 
Song title:  name
Beatmaker: beatmaker
Sample song: samplesong
Duration: 0:2
Cost: 3$
Country: country
Year: 4 was created.
2019-05-13 20:58:21 DEBUG by.epam.soundstudio.creator.RapSongCreator:32 - 

Rap Song: 
Song title:  name
Beatmaker: beatmaker
Sample song: samplesong
Duration: 0:2
Cost: 3$
Country: country
Year: 4 was created.
2019-05-13 20:58:36 DEBUG by.epam.soundstudio.creator.RapSongCreator:32 - 

Rap Song: 
Song title:  name
Beatmaker: beatmaker
Sample song: samplesong
Duration: 0:2
Cost: 3$
Country: country
Year: 4 was created.
2019-05-13 20:58:43 DEBUG by.epam.soundstudio.creator.RapSongCreator:32 - 

Rap Song: 
Song title:  name
Beatmaker: beatmaker
Sample song: samplesong
Duration: 0:2
Cost: 3$
Country: country
Year: 4 was created.
2019-05-13 21:00:21 DEBUG by.epam.soundstudio.creator.RapSongCreator:32 - 

Rap Song: 
Song title:  1
Beatmaker: 1
Sample song: 1
Duration: 0:1
Cost: 1$
Country: 1
Year: 1 was created.
2019-05-13 21:00:58 DEBUG by.epam.soundstudio.creator.RapSongCreator:32 - 

Rap Song: 
Song title:  1
Beatmaker: 1
Sample song: 1
Duration: 0:1
Cost: 1$
Country: 1
Year: 1 was created.
2019-05-13 21:01:33 DEBUG by.epam.soundstudio.creator.RapSongCreator:32 - 

Rap Song: 
Song title:  1
Beatmaker: 1
Sample song: 1
Duration: 0:1
Cost: 1$
Country: 1
Year: 1 was created.
2019-05-13 21:01:52 DEBUG by.epam.soundstudio.creator.RapSongCreator:32 - 

Rap Song: 
Song title:  1
Beatmaker: 1
Sample song: 1
Duration: 0:1
Cost: 1$
Country: 1
Year: 1 was created.
2019-05-13 21:03:11 DEBUG by.epam.soundstudio.creator.RapSongCreator:32 - 

Rap Song: 
Song title:  1
Beatmaker: 1
Sample song: 1
Duration: 0:1
Cost: 1$
Country: 1
Year: 1 was created.
2019-05-13 21:05:58 DEBUG by.epam.soundstudio.creator.RapSongCreator:32 - 

Rap Song: 
Song title:  1
Beatmaker: 1
Sample song: 1
Duration: 0:1
Cost: 1$
Country: 1
Year: 1 was created.
2019-05-13 21:06:26 DEBUG by.epam.soundstudio.creator.RapSongCreator:32 - 

Rap Song: 
Song title:  1
Beatmaker: 1
Sample song: 1
Duration: 0:1
Cost: 1$
Country: 1
Year: 1 was created.
2019-05-13 21:06:57 DEBUG by.epam.soundstudio.creator.RapSongCreator:32 - 

Rap Song: 
Song title:  name
Beatmaker: beatmaker
Sample song: samplesong
Duration: 0:2
Cost: 3$
Country: country
Year: 4 was created.
2019-05-13 21:54:50 DEBUG by.epam.soundstudio.creator.RapSongCreator:32 - 

Rap Song: 
Song title:  name
Beatmaker: beatmaker
Sample song: samplesong
Duration: 0:2
Cost: 3$
Country: country
Year: 4 was created.
2019-05-13 21:54:50 DEBUG by.epam.soundstudio.creator.RapSongCreator:32 - 

Rap Song: 
Song title:  na^me
Beatmaker: beat[ma[ker
Sample song: samplesong
Duration: 0:2
Cost: 3$
Country: cou/ntry
Year: 4 was created.
2019-05-13 22:00:45 DEBUG by.epam.soundstudio.creator.RapSongCreator:32 - 

Rap Song: 
Song title:  name
Beatmaker: beatmaker
Sample song: samplesong
Duration: 0:2
Cost: 3$
Country: country
Year: 4 was created.
2019-05-13 22:01:53 DEBUG by.epam.soundstudio.creator.RockSongCreator:32 - 

Rock Song: 
Song title:  name
Has solo?: No
Duration: 0:2
Cost: 3$
Country: country
Year: 4 was created
2019-05-13 22:03:31 DEBUG by.epam.soundstudio.creator.SymphonicSongCreator:32 - 

Symphonic Song: 
Song title:  name
Compositor name: compositorname
Duration: 0:2
Orchestra amount:0
Cost: 3$
Country: country
Year: 4 was created
2019-05-13 22:44:28 DEBUG by.epam.soundstudio.converter.StringCleaner:29 - class by.epam.soundstudio.validator.RapSongValidator: Line 'na!m^e,2?,3!,c?ou?nt?r?y,4,bea!t!ma!!ker,s^amplesong' was removed
2019-05-13 22:46:20 DEBUG by.epam.soundstudio.converter.StringCleaner:29 - class by.epam.soundstudio.validator.RapSongValidator: Line 'na!m^e,2?,3!,c?ou?nt?r?y,4,bea!t!ma!!ker,s^amplesong' was removed
2019-05-13 22:46:20 DEBUG by.epam.soundstudio.converter.StringCleaner:29 - class by.epam.soundstudio.validator.RapSongValidator: Line 'name,1,2,3,country,4,beatmaker,samplesong' was removed
2019-05-13 22:47:02 DEBUG by.epam.soundstudio.converter.StringCleaner:29 - class by.epam.soundstudio.validator.RapSongValidator: Line 'na!m^e,2?,3!,c?ou?nt?r?y,4,bea!t!ma!!ker,s^amplesong' was removed
2019-05-13 22:47:02 DEBUG by.epam.soundstudio.converter.StringCleaner:29 - class by.epam.soundstudio.validator.RapSongValidator: Line 'name,1,2,3,country,4,beatmaker,samplesong' was removed
2019-05-13 22:47:44 DEBUG by.epam.soundstudio.converter.StringCleaner:29 - class by.epam.soundstudio.validator.RapSongValidator: Line 'na!m^e,2?,3!,c?ou?nt?r?y,4,bea!t!ma!!ker,s^amplesong' was removed
2019-05-13 22:47:44 DEBUG by.epam.soundstudio.converter.StringCleaner:29 - class by.epam.soundstudio.validator.RapSongValidator: Line 'name,1,3,country,4,beatmaker,samplesong' was removed
2019-05-13 22:47:54 DEBUG by.epam.soundstudio.converter.StringCleaner:29 - class by.epam.soundstudio.validator.RapSongValidator: Line 'na!m^e,2?,3!,c?ou?nt?r?y,4,bea!t!ma!!ker,s^amplesong' was removed
2019-05-13 22:47:54 DEBUG by.epam.soundstudio.converter.StringCleaner:29 - class by.epam.soundstudio.validator.RapSongValidator: Line 'name,1,3,country,4,beatmaker,samplesong' was removed
2019-05-13 22:50:13 DEBUG by.epam.soundstudio.converter.StringCleaner:29 - class by.epam.soundstudio.validator.RapSongValidator: Line 'na!m^e,2?,3!,c?ou?nt?r?y,4,bea!t!ma!!ker,s^amplesong' was removed
2019-05-13 22:50:13 DEBUG by.epam.soundstudio.converter.StringCleaner:29 - class by.epam.soundstudio.validator.RapSongValidator: Line 'name,1,3,country,4,beatmaker,samplesong' was removed
2019-05-13 22:51:23 DEBUG by.epam.soundstudio.converter.StringCleaner:29 - class by.epam.soundstudio.validator.RapSongValidator: Line 'na!m^e,2?,3!,c?ou?nt?r?y,4,bea!t!ma!!ker,s^amplesong' was removed
2019-05-13 22:52:36 DEBUG by.epam.soundstudio.converter.StringCleaner:29 - class by.epam.soundstudio.validator.RapSongValidator: Line 'name,1,3,country,4,beatmaker,samplesong' was removed
2019-05-13 22:52:43 DEBUG by.epam.soundstudio.converter.StringCleaner:29 - class by.epam.soundstudio.validator.RapSongValidator: Line 'na!m^e,2?,3!,c?ou?nt?r?y,4,bea!t!ma!!ker,s^amplesong' was removed
2019-05-13 22:52:43 DEBUG by.epam.soundstudio.converter.StringCleaner:29 - class by.epam.soundstudio.validator.RapSongValidator: Line 'name,1,3,country,4,beatmaker,samplesong' was removed
2019-05-13 22:53:41 DEBUG by.epam.soundstudio.converter.StringCleaner:29 - class by.epam.soundstudio.validator.RapSongValidator: Line 'na!m^e,2?,3!,c?ou?nt?r?y,4,bea!t!ma!!ker,s^amplesong' was removed
2019-05-13 22:53:41 DEBUG by.epam.soundstudio.converter.StringCleaner:29 - class by.epam.soundstudio.validator.RapSongValidator: Line 'name - surname,1,3,country,4,beatmaker,samplesong' was removed
2019-05-13 22:54:45 DEBUG by.epam.soundstudio.converter.StringCleaner:29 - class by.epam.soundstudio.validator.RapSongValidator: Line 'na!m^e,2?,3!,c?ou?nt?r?y,4,bea!t!ma!!ker,s^amplesong' was removed
2019-05-13 22:54:45 DEBUG by.epam.soundstudio.converter.StringCleaner:29 - class by.epam.soundstudio.validator.RapSongValidator: Line 'name - surname,1,3.5,country,4,beatmaker,samplesong' was removed
2019-05-13 23:04:20 DEBUG by.epam.soundstudio.converter.StringCleaner:29 - class by.epam.soundstudio.validator.RapSongValidator: Line 'na!m^e,2?,3!,c?ou?nt?r?y,4,bea!t!ma!!ker,s^amplesong' was removed
2019-05-13 23:10:27 DEBUG by.epam.soundstudio.converter.StringCleaner:29 - class by.epam.soundstudio.validator.RockSongValidator: Line 'na!m^e,2?,3!,c?ou?nt?r?y,4,bea!t!ma!!ker,s^amplesong' was removed
2019-05-13 23:11:29 DEBUG by.epam.soundstudio.converter.StringCleaner:29 - class by.epam.soundstudio.validator.RockSongValidator: Line 'na!m^e,2?,3!,c?ou?nt?r?y,4,bea!t!ma!!ker,s^amplesong' was removed
2019-05-13 23:11:37 DEBUG by.epam.soundstudio.converter.StringCleaner:29 - class by.epam.soundstudio.validator.RapSongValidator: Line 'na!m^e,2?,3!,c?ou?nt?r?y,4,bea!t!ma!!ker,s^amplesong' was removed
2019-05-13 23:11:47 DEBUG by.epam.soundstudio.converter.StringCleaner:29 - class by.epam.soundstudio.validator.RapSongValidator: Line 'na!m^e,2?,3!,c?ou?nt?r?y,4,bea!t!ma!!ker,s^amplesong' was removed
2019-05-13 23:13:19 DEBUG by.epam.soundstudio.converter.StringCleaner:29 - class by.epam.soundstudio.validator.RapSongValidator: Line 'na!m^e,2?,3!,c?ou?nt?r?y,4,bea!t!ma!!ker,s^amplesong' was removed
2019-05-13 23:13:27 DEBUG by.epam.soundstudio.converter.StringCleaner:29 - class by.epam.soundstudio.validator.RapSongValidator: Line 'na!m^e,2?,3!,c?ou?nt?r?y,4,bea!t!ma!!ker,s^amplesong' was removed
2019-05-13 23:13:38 DEBUG by.epam.soundstudio.converter.StringCleaner:29 - class by.epam.soundstudio.validator.RapSongValidator: Line 'na!m^e,2?,3!,c?ou?nt?r?y,4,bea!t!ma!!ker,s^amplesong' was removed
2019-05-13 23:14:12 DEBUG by.epam.soundstudio.converter.StringCleaner:29 - class by.epam.soundstudio.validator.RockSongValidator: Line 'na!m^e,2?,3!,c?ou?nt?r?y,4,bea!t!ma!!ker,s^amplesong' was removed
2019-05-13 23:15:04 DEBUG by.epam.soundstudio.converter.StringCleaner:29 - class by.epam.soundstudio.validator.RockSongValidator: Line 'na!m^e,2?,3!,c?ou?nt?r?y,4,bea!t!ma!!ker,s^amplesong' was removed
2019-05-13 23:15:57 DEBUG by.epam.soundstudio.converter.StringCleaner:29 - class by.epam.soundstudio.validator.RockSongValidator: Line 'na!m^e,2?,3!,c?ou?nt?r?y,4,bea!t!ma!!ker,s^amplesong' was removed
2019-05-13 23:18:22 DEBUG by.epam.soundstudio.converter.StringCleaner:33 - class by.epam.soundstudio.validator.RockSongValidator: Line 'na!m^e,2?,3!,c?ou?nt?r?y,4,bea!t!ma!!ker,s^amplesong' was removed
2019-05-13 23:19:32 DEBUG by.epam.soundstudio.converter.StringCleaner:33 - class by.epam.soundstudio.validator.RockSongValidator: Line 'na!m^e,2?,3!,c?ou?nt?r?y,4,bea!t!ma!!ker,s^amplesong' was removed
2019-05-13 23:20:19 DEBUG by.epam.soundstudio.converter.StringCleaner:33 - class by.epam.soundstudio.validator.RockSongValidator: Line 'na!m^e,2?,3!,c?ou?nt?r?y,4,bea!t!ma!!ker,s^amplesong' was removed
2019-05-13 23:21:45 DEBUG by.epam.soundstudio.converter.StringCleaner:33 - class by.epam.soundstudio.validator.RockSongValidator: Line 'na!m^e,2?,3!,c?ou?nt?r?y,4,bea!t!ma!!ker,s^amplesong' was removed
2019-05-13 23:22:33 DEBUG by.epam.soundstudio.converter.StringCleaner:33 - class by.epam.soundstudio.validator.RockSongValidator: Line 'na!m^e,2?,3!,c?ou?nt?r?y,4,bea!t!ma!!ker,s^amplesong' was removed
2019-05-13 23:23:25 DEBUG by.epam.soundstudio.converter.StringCleaner:36 - class by.epam.soundstudio.validator.RockSongValidator: Line 'na!m^e,2?,3!,c?ou?nt?r?y,4,bea!t!ma!!ker,s^amplesong' was removed
2019-05-13 23:23:47 DEBUG by.epam.soundstudio.converter.StringCleaner:36 - class by.epam.soundstudio.validator.RockSongValidator: Line 'na!m^e,2?,3!,c?ou?nt?r?y,4,bea!t!ma!!ker,s^amplesong' was removed
2019-05-13 23:24:13 DEBUG by.epam.soundstudio.converter.StringCleaner:34 - class by.epam.soundstudio.validator.RockSongValidator: Line 'na!m^e,2?,3!,c?ou?nt?r?y,4,bea!t!ma!!ker,s^amplesong' was removed
2019-05-13 23:24:47 DEBUG by.epam.soundstudio.converter.StringCleaner:33 - class by.epam.soundstudio.validator.RockSongValidator: Line 'na!m^e,2?,3!,c?ou?nt?r?y,4,bea!t!ma!!ker,s^amplesong' was removed
2019-05-13 23:25:37 DEBUG by.epam.soundstudio.converter.StringCleaner:33 - class by.epam.soundstudio.validator.RockSongValidator: Line 'na!m^e,2?,3!,c?ou?nt?r?y,4,bea!t!ma!!ker,s^amplesong' was removed
2019-05-13 23:26:00 DEBUG by.epam.soundstudio.converter.StringCleaner:33 - class by.epam.soundstudio.validator.RockSongValidator: Line 'na!m^e,2?,3!,c?ou?nt?r?y,4,bea!t!ma!!ker,s^amplesong' was removed
2019-05-13 23:29:27 DEBUG by.epam.soundstudio.converter.StringCleaner:33 - class by.epam.soundstudio.validator.RockSongValidator: Line 'na!m^e,2?,3!,c?ou?nt?r?y,4,bea!t!ma!!ker,s^amplesong' was removed
2019-05-13 23:29:39 DEBUG by.epam.soundstudio.converter.StringCleaner:33 - class by.epam.soundstudio.validator.RockSongValidator: Line 'na!m^e,2?,3!,c?ou?nt?r?y,4,bea!t!ma!!ker,s^amplesong' was removed
2019-05-13 23:29:55 DEBUG by.epam.soundstudio.converter.StringCleaner:33 - class by.epam.soundstudio.validator.RockSongValidator: Line 'na!m^e,2?,3!,c?ou?nt?r?y,4,bea!t!ma!!ker,s^amplesong' was removed
2019-05-13 23:32:44 DEBUG by.epam.soundstudio.converter.StringCleaner:29 - class by.epam.soundstudio.validator.RockSongValidator: Line 'na!m^e,2?,3!,c?ou?nt?r?y,4,bea!t!ma!!ker,s^amplesong' was removed
2019-05-13 23:35:29 DEBUG by.epam.soundstudio.converter.StringCleaner:29 - class by.epam.soundstudio.validator.SymphonicSongValidator: Line 'na!m^e,2?,3!,c?ou?nt?r?y,4,bea!t!ma!!ker,s^amplesong' was removed
